<?xml version="1.0" encoding="UTF-8"?>
<testng-results skipped="0" failed="0" ignored="0" total="4" passed="4">
  <reporter-output>
  </reporter-output>
  <suite name="Default suite" duration-ms="36798" started-at="2021-02-22T17:58:22 CST" finished-at="2021-02-22T17:58:58 CST">
    <groups>
    </groups>
    <test name="Default test" duration-ms="36798" started-at="2021-02-22T17:58:22 CST" finished-at="2021-02-22T17:58:58 CST">
      <class name="pages.TestScript05">
        <test-method status="PASS" signature="setUp()[pri:0, instance:pages.TestScript05@13a3d88]" name="setUp" is-config="true" duration-ms="7649" started-at="2021-02-22T17:58:22 CST" finished-at="2021-02-22T17:58:29 CST">
          <reporter-output>
          </reporter-output>
        </test-method> <!-- setUp -->
        <test-method status="PASS" signature="testCase05(java.lang.String, java.lang.String)[pri:0, instance:pages.TestScript05@13a3d88]" name="testCase05" duration-ms="1873" started-at="2021-02-22T17:58:29 CST" data-provider="GuruTest" finished-at="2021-02-22T17:58:31 CST">
          <params>
            <param index="0">
              <value>
                <![CDATA[mngr309297]]>
              </value>
            </param>
            <param index="1">
              <value>
                <![CDATA[hyqUsEt]]>
              </value>
            </param>
          </params>
          <reporter-output>
          </reporter-output>
        </test-method> <!-- testCase05 -->
        <test-method status="PASS" signature="tearDown()[pri:0, instance:pages.TestScript05@13a3d88]" name="tearDown" is-config="true" duration-ms="985" started-at="2021-02-22T17:58:31 CST" finished-at="2021-02-22T17:58:32 CST">
          <reporter-output>
          </reporter-output>
        </test-method> <!-- tearDown -->
        <test-method status="PASS" signature="setUp()[pri:0, instance:pages.TestScript05@13a3d88]" name="setUp" is-config="true" duration-ms="6840" started-at="2021-02-22T17:58:32 CST" finished-at="2021-02-22T17:58:39 CST">
          <reporter-output>
          </reporter-output>
        </test-method> <!-- setUp -->
        <test-method status="PASS" signature="testCase05(java.lang.String, java.lang.String)[pri:0, instance:pages.TestScript05@13a3d88]" name="testCase05" duration-ms="547" started-at="2021-02-22T17:58:39 CST" data-provider="GuruTest" finished-at="2021-02-22T17:58:40 CST">
          <params>
            <param index="0">
              <value>
                <![CDATA[invalid]]>
              </value>
            </param>
            <param index="1">
              <value>
                <![CDATA[valid]]>
              </value>
            </param>
          </params>
          <reporter-output>
          </reporter-output>
        </test-method> <!-- testCase05 -->
        <test-method status="PASS" signature="tearDown()[pri:0, instance:pages.TestScript05@13a3d88]" name="tearDown" is-config="true" duration-ms="1256" started-at="2021-02-22T17:58:40 CST" finished-at="2021-02-22T17:58:41 CST">
          <reporter-output>
          </reporter-output>
        </test-method> <!-- tearDown -->
        <test-method status="PASS" signature="setUp()[pri:0, instance:pages.TestScript05@13a3d88]" name="setUp" is-config="true" duration-ms="6941" started-at="2021-02-22T17:58:41 CST" finished-at="2021-02-22T17:58:48 CST">
          <reporter-output>
          </reporter-output>
        </test-method> <!-- setUp -->
        <test-method status="PASS" signature="testCase05(java.lang.String, java.lang.String)[pri:0, instance:pages.TestScript05@13a3d88]" name="testCase05" duration-ms="618" started-at="2021-02-22T17:58:48 CST" data-provider="GuruTest" finished-at="2021-02-22T17:58:48 CST">
          <params>
            <param index="0">
              <value>
                <![CDATA[valid]]>
              </value>
            </param>
            <param index="1">
              <value>
                <![CDATA[invalid]]>
              </value>
            </param>
          </params>
          <reporter-output>
          </reporter-output>
        </test-method> <!-- testCase05 -->
        <test-method status="PASS" signature="tearDown()[pri:0, instance:pages.TestScript05@13a3d88]" name="tearDown" is-config="true" duration-ms="1199" started-at="2021-02-22T17:58:48 CST" finished-at="2021-02-22T17:58:50 CST">
          <reporter-output>
          </reporter-output>
        </test-method> <!-- tearDown -->
        <test-method status="PASS" signature="setUp()[pri:0, instance:pages.TestScript05@13a3d88]" name="setUp" is-config="true" duration-ms="6948" started-at="2021-02-22T17:58:50 CST" finished-at="2021-02-22T17:58:57 CST">
          <reporter-output>
          </reporter-output>
        </test-method> <!-- setUp -->
        <test-method status="PASS" signature="testCase05(java.lang.String, java.lang.String)[pri:0, instance:pages.TestScript05@13a3d88]" name="testCase05" duration-ms="518" started-at="2021-02-22T17:58:57 CST" data-provider="GuruTest" finished-at="2021-02-22T17:58:57 CST">
          <params>
            <param index="0">
              <value>
                <![CDATA[invalid]]>
              </value>
            </param>
            <param index="1">
              <value>
                <![CDATA[invalid]]>
              </value>
            </param>
          </params>
          <reporter-output>
          </reporter-output>
        </test-method> <!-- testCase05 -->
        <test-method status="PASS" signature="tearDown()[pri:0, instance:pages.TestScript05@13a3d88]" name="tearDown" is-config="true" duration-ms="1345" started-at="2021-02-22T17:58:57 CST" finished-at="2021-02-22T17:58:58 CST">
          <reporter-output>
          </reporter-output>
        </test-method> <!-- tearDown -->
      </class> <!-- pages.TestScript05 -->
    </test> <!-- Default test -->
  </suite> <!-- Default suite -->
</testng-results>
