<?xml version="1.0" encoding="UTF-8"?>
<!-- Generated by org.testng.reporters.JUnitXMLReporter -->
<testsuite hostname="LAPTOP-IG1JKIT8" ignored="0" name="Default test" tests="4" failures="0" timestamp="2021-02-22T17:58:58 CST" time="36.798" errors="0">
  <testcase name="testCase05" time="1.873" classname="pages.TestScript05"/>
  <testcase name="testCase05" time="0.547" classname="pages.TestScript05"/>
  <testcase name="testCase05" time="0.618" classname="pages.TestScript05"/>
  <testcase name="testCase05" time="0.518" classname="pages.TestScript05"/>
</testsuite> <!-- Default test -->
